<?xml version="1.0" encoding="UTF-8"?>
<testsuite xmlns:xsi="http://www.w3.org/2001/XMLSchema-instance" xsi:noNamespaceSchemaLocation="https://maven.apache.org/surefire/maven-surefire-plugin/xsd/surefire-test-report.xsd" name="hello.HelloWorldConfigurationTests" time="2.133" tests="2" errors="0" skipped="0" failures="0">
  <properties>
[...]
</properties>
  <testcase name="testGreetingStatusCode" classname="hello.HelloWorldConfigurationTests" time="0.424"/>
  <testcase name="testGreetingResponseBody" classname="hello.HelloWorldConfigurationTests" time="0.005"/>
</testsuite>